<?xml version="1.0" encoding="UTF-8"?>
<testng-results ignored="0" total="3" passed="3" failed="0" skipped="0">
  <reporter-output>
  </reporter-output>
  <suite started-at="2024-03-26T09:35:16 IST" name="Default suite" finished-at="2024-03-26T09:36:02 IST" duration-ms="46104">
    <groups>
      <group name="cucumber">
        <method signature="AbstractTestNGCucumberTests.runScenario(io.cucumber.testng.PickleWrapper,io.cucumber.testng.FeatureWrapper)[pri:0, instance:cucumberOptions.Runner@7c7a06ec]" name="runScenario" class="io.cucumber.testng.AbstractTestNGCucumberTests"/>
      </group> <!-- cucumber -->
    </groups>
    <test started-at="2024-03-26T09:35:16 IST" name="Default test" finished-at="2024-03-26T09:36:02 IST" duration-ms="46104">
      <class name="cucumberOptions.Runner">
        <test-method is-config="true" signature="setUpClass(org.testng.ITestContext)[pri:0, instance:cucumberOptions.Runner@7c7a06ec]" started-at="2024-03-26T09:35:16 IST" name="setUpClass" finished-at="2024-03-26T09:35:17 IST" duration-ms="652" status="PASS">
          <params>
            <param index="0">
              <value>
                <![CDATA[org.testng.TestRunner@1b9776f5]]>
              </value>
            </param>
          </params>
          <reporter-output>
          </reporter-output>
        </test-method> <!-- setUpClass -->
        <test-method signature="runScenario(io.cucumber.testng.PickleWrapper,io.cucumber.testng.FeatureWrapper)[pri:0, instance:cucumberOptions.Runner@7c7a06ec]" started-at="2024-03-26T09:35:17 IST" name="runScenario" description="Runs Cucumber Scenarios" data-provider="scenarios" finished-at="2024-03-26T09:35:31 IST" duration-ms="14709" status="PASS">
          <params>
            <param index="0">
              <value>
                <![CDATA["verify login with valid cred"]]>
              </value>
            </param>
            <param index="1">
              <value>
                <![CDATA["login functionality"]]>
              </value>
            </param>
          </params>
          <reporter-output>
          </reporter-output>
        </test-method> <!-- runScenario -->
        <test-method signature="runScenario(io.cucumber.testng.PickleWrapper,io.cucumber.testng.FeatureWrapper)[pri:0, instance:cucumberOptions.Runner@7c7a06ec]" started-at="2024-03-26T09:35:31 IST" name="runScenario" description="Runs Cucumber Scenarios" data-provider="scenarios" finished-at="2024-03-26T09:35:43 IST" duration-ms="12044" status="PASS">
          <params>
            <param index="0">
              <value>
                <![CDATA["verify login with invalid cred"]]>
              </value>
            </param>
            <param index="1">
              <value>
                <![CDATA["login functionality"]]>
              </value>
            </param>
          </params>
          <reporter-output>
          </reporter-output>
        </test-method> <!-- runScenario -->
        <test-method signature="runScenario(io.cucumber.testng.PickleWrapper,io.cucumber.testng.FeatureWrapper)[pri:0, instance:cucumberOptions.Runner@7c7a06ec]" started-at="2024-03-26T09:35:43 IST" name="runScenario" description="Runs Cucumber Scenarios" data-provider="scenarios" finished-at="2024-03-26T09:36:02 IST" duration-ms="18478" status="PASS">
          <params>
            <param index="0">
              <value>
                <![CDATA["verify signup test with valid details"]]>
              </value>
            </param>
            <param index="1">
              <value>
                <![CDATA["Signup test"]]>
              </value>
            </param>
          </params>
          <reporter-output>
          </reporter-output>
        </test-method> <!-- runScenario -->
        <test-method is-config="true" signature="tearDownClass()[pri:0, instance:cucumberOptions.Runner@7c7a06ec]" started-at="2024-03-26T09:36:02 IST" name="tearDownClass" finished-at="2024-03-26T09:36:02 IST" duration-ms="146" status="PASS">
          <reporter-output>
          </reporter-output>
        </test-method> <!-- tearDownClass -->
      </class> <!-- cucumberOptions.Runner -->
    </test> <!-- Default test -->
  </suite> <!-- Default suite -->
</testng-results>
