<?xml version="1.0" encoding="UTF-8"?>
<!-- Generated by org.testng.reporters.JUnitXMLReporter -->
<testsuite ignored="1" hostname="DESKTOP-1CCS179" failures="0" tests="1" name="Default test" time="7.405" errors="0" timestamp="2024-03-15T09:26:24 IST">
  <testcase classname="com.opencart.testlayer.LoginTest" name="verifyLoginTestWithInValidDetails" time="1.321"/>
  <testcase classname="com.opencart.testlayer.LoginTest" name="verifyLoginTestWithValidDetails" time="0.0">
    <ignored/>
  </testcase> <!-- verifyLoginTestWithValidDetails -->
</testsuite> <!-- Default test -->
